2022-12-10 19:36:15.599  INFO 9300 --- [restartedMain] c.B.P.PhoneBookApplication               : Starting PhoneBookApplication using Java 17.0.5 on DESKTOP-UBCGKC3 with PID 9300 (F:\BIKKAD IT\Bikkad IT -04\MiniProjectWorkSpace\PhoneBookApplication\target\classes started by HP in F:\BIKKAD IT\Bikkad IT -04\MiniProjectWorkSpace\PhoneBookApplication)
2022-12-10 19:36:15.610  INFO 9300 --- [restartedMain] c.B.P.PhoneBookApplication               : No active profile set, falling back to 1 default profile: "default"
2022-12-10 19:36:15.810  INFO 9300 --- [restartedMain] .e.DevToolsPropertyDefaultsPostProcessor : Devtools property defaults active! Set 'spring.devtools.add-properties' to 'false' to disable
2022-12-10 19:36:15.826  INFO 9300 --- [restartedMain] .e.DevToolsPropertyDefaultsPostProcessor : For additional web related logging consider setting the 'logging.level.web' property to 'DEBUG'
2022-12-10 19:36:19.043  INFO 9300 --- [restartedMain] .s.d.r.c.RepositoryConfigurationDelegate : Bootstrapping Spring Data JPA repositories in DEFAULT mode.
2022-12-10 19:36:19.213  INFO 9300 --- [restartedMain] .s.d.r.c.RepositoryConfigurationDelegate : Finished Spring Data repository scanning in 147 ms. Found 1 JPA repository interfaces.
2022-12-10 19:36:21.668  INFO 9300 --- [restartedMain] o.s.b.w.embedded.tomcat.TomcatWebServer  : Tomcat initialized with port(s): 9090 (http)
2022-12-10 19:36:21.681  INFO 9300 --- [restartedMain] o.apache.catalina.core.StandardService   : Starting service [Tomcat]
2022-12-10 19:36:21.682  INFO 9300 --- [restartedMain] org.apache.catalina.core.StandardEngine  : Starting Servlet engine: [Apache Tomcat/9.0.68]
2022-12-10 19:36:21.877  INFO 9300 --- [restartedMain] o.a.c.c.C.[Tomcat].[localhost].[/]       : Initializing Spring embedded WebApplicationContext
2022-12-10 19:36:21.879  INFO 9300 --- [restartedMain] w.s.c.ServletWebServerApplicationContext : Root WebApplicationContext: initialization completed in 6048 ms
2022-12-10 19:36:22.170  INFO 9300 --- [restartedMain] o.hibernate.jpa.internal.util.LogHelper  : HHH000204: Processing PersistenceUnitInfo [name: default]
2022-12-10 19:36:22.273  INFO 9300 --- [restartedMain] org.hibernate.Version                    : HHH000412: Hibernate ORM core version 5.6.12.Final
2022-12-10 19:36:22.525  INFO 9300 --- [restartedMain] o.hibernate.annotations.common.Version   : HCANN000001: Hibernate Commons Annotations {5.1.2.Final}
2022-12-10 19:36:22.678  INFO 9300 --- [restartedMain] com.zaxxer.hikari.HikariDataSource       : HikariPool-1 - Starting...
2022-12-10 19:36:23.148  INFO 9300 --- [restartedMain] com.zaxxer.hikari.HikariDataSource       : HikariPool-1 - Start completed.
2022-12-10 19:36:23.174  INFO 9300 --- [restartedMain] org.hibernate.dialect.Dialect            : HHH000400: Using dialect: org.hibernate.dialect.MySQL5Dialect
2022-12-10 19:36:24.281  INFO 9300 --- [restartedMain] o.h.e.t.j.p.i.JtaPlatformInitiator       : HHH000490: Using JtaPlatform implementation: [org.hibernate.engine.transaction.jta.platform.internal.NoJtaPlatform]
2022-12-10 19:36:24.292  INFO 9300 --- [restartedMain] j.LocalContainerEntityManagerFactoryBean : Initialized JPA EntityManagerFactory for persistence unit 'default'
2022-12-10 19:36:25.144  WARN 9300 --- [restartedMain] JpaBaseConfiguration$JpaWebConfiguration : spring.jpa.open-in-view is enabled by default. Therefore, database queries may be performed during view rendering. Explicitly configure spring.jpa.open-in-view to disable this warning
2022-12-10 19:36:25.504  INFO 9300 --- [restartedMain] o.s.b.d.a.OptionalLiveReloadServer       : LiveReload server is running on port 35729
2022-12-10 19:36:25.752  INFO 9300 --- [restartedMain] o.s.b.w.embedded.tomcat.TomcatWebServer  : Tomcat started on port(s): 9090 (http) with context path ''
2022-12-10 19:36:25.753  INFO 9300 --- [restartedMain] d.s.w.p.DocumentationPluginsBootstrapper : Context refreshed
2022-12-10 19:36:25.775  INFO 9300 --- [restartedMain] d.s.w.p.DocumentationPluginsBootstrapper : Found 1 custom documentation plugin(s)
2022-12-10 19:36:25.787  INFO 9300 --- [restartedMain] s.d.s.w.s.ApiListingReferenceScanner     : Scanning for api listing references
2022-12-10 19:36:26.015  INFO 9300 --- [restartedMain] c.B.P.PhoneBookApplication               : Started PhoneBookApplication in 12.889 seconds (JVM running for 17.295)
2022-12-10 19:36:36.560  INFO 9300 --- [http-nio-9090-exec-1] o.a.c.c.C.[Tomcat].[localhost].[/]       : Initializing Spring DispatcherServlet 'dispatcherServlet'
2022-12-10 19:36:36.560  INFO 9300 --- [http-nio-9090-exec-1] o.s.web.servlet.DispatcherServlet        : Initializing Servlet 'dispatcherServlet'
2022-12-10 19:36:36.562  INFO 9300 --- [http-nio-9090-exec-1] o.s.web.servlet.DispatcherServlet        : Completed initialization in 1 ms
2022-12-10 19:38:19.306  INFO 9300 --- [RMI TCP Connection(4)-127.0.0.1] inMXBeanRegistrar$SpringApplicationAdmin : Application shutdown requested.
2022-12-10 19:38:19.334  INFO 9300 --- [RMI TCP Connection(4)-127.0.0.1] o.apache.catalina.core.StandardService   : Stopping service [Tomcat]
2022-12-10 19:38:19.336  INFO 9300 --- [RMI TCP Connection(4)-127.0.0.1] o.a.c.c.C.[Tomcat].[localhost].[/]       : Destroying Spring FrameworkServlet 'dispatcherServlet'
2022-12-10 19:38:19.351  INFO 9300 --- [RMI TCP Connection(4)-127.0.0.1] j.LocalContainerEntityManagerFactoryBean : Closing JPA EntityManagerFactory for persistence unit 'default'
2022-12-10 19:38:19.355  INFO 9300 --- [RMI TCP Connection(4)-127.0.0.1] com.zaxxer.hikari.HikariDataSource       : HikariPool-1 - Shutdown initiated...
2022-12-10 19:38:19.388  INFO 9300 --- [RMI TCP Connection(4)-127.0.0.1] com.zaxxer.hikari.HikariDataSource       : HikariPool-1 - Shutdown completed.
2022-12-10 20:16:33.748  INFO 12068 --- [restartedMain] c.B.P.PhoneBookApplication               : Starting PhoneBookApplication using Java 17.0.5 on DESKTOP-UBCGKC3 with PID 12068 (F:\BIKKAD IT\Bikkad IT -04\MiniProjectWorkSpace\PhoneBookApplication\target\classes started by HP in F:\BIKKAD IT\Bikkad IT -04\MiniProjectWorkSpace\PhoneBookApplication)
2022-12-10 20:16:33.750  INFO 12068 --- [restartedMain] c.B.P.PhoneBookApplication               : No active profile set, falling back to 1 default profile: "default"
2022-12-10 20:16:33.832  INFO 12068 --- [restartedMain] .e.DevToolsPropertyDefaultsPostProcessor : Devtools property defaults active! Set 'spring.devtools.add-properties' to 'false' to disable
2022-12-10 20:16:33.832  INFO 12068 --- [restartedMain] .e.DevToolsPropertyDefaultsPostProcessor : For additional web related logging consider setting the 'logging.level.web' property to 'DEBUG'
2022-12-10 20:16:34.960  INFO 12068 --- [restartedMain] .s.d.r.c.RepositoryConfigurationDelegate : Bootstrapping Spring Data JPA repositories in DEFAULT mode.
2022-12-10 20:16:35.035  INFO 12068 --- [restartedMain] .s.d.r.c.RepositoryConfigurationDelegate : Finished Spring Data repository scanning in 53 ms. Found 1 JPA repository interfaces.
2022-12-10 20:16:35.811  INFO 12068 --- [restartedMain] o.s.b.w.embedded.tomcat.TomcatWebServer  : Tomcat initialized with port(s): 9090 (http)
2022-12-10 20:16:35.823  INFO 12068 --- [restartedMain] o.apache.catalina.core.StandardService   : Starting service [Tomcat]
2022-12-10 20:16:35.823  INFO 12068 --- [restartedMain] org.apache.catalina.core.StandardEngine  : Starting Servlet engine: [Apache Tomcat/9.0.68]
2022-12-10 20:16:36.082  INFO 12068 --- [restartedMain] o.a.c.c.C.[Tomcat].[localhost].[/]       : Initializing Spring embedded WebApplicationContext
2022-12-10 20:16:36.082  INFO 12068 --- [restartedMain] w.s.c.ServletWebServerApplicationContext : Root WebApplicationContext: initialization completed in 2249 ms
2022-12-10 20:16:36.351  INFO 12068 --- [restartedMain] o.hibernate.jpa.internal.util.LogHelper  : HHH000204: Processing PersistenceUnitInfo [name: default]
2022-12-10 20:16:36.431  INFO 12068 --- [restartedMain] org.hibernate.Version                    : HHH000412: Hibernate ORM core version 5.6.12.Final
2022-12-10 20:16:36.665  INFO 12068 --- [restartedMain] o.hibernate.annotations.common.Version   : HCANN000001: Hibernate Commons Annotations {5.1.2.Final}
2022-12-10 20:16:36.794  INFO 12068 --- [restartedMain] com.zaxxer.hikari.HikariDataSource       : HikariPool-1 - Starting...
2022-12-10 20:16:37.218  INFO 12068 --- [restartedMain] com.zaxxer.hikari.HikariDataSource       : HikariPool-1 - Start completed.
2022-12-10 20:16:37.241  INFO 12068 --- [restartedMain] org.hibernate.dialect.Dialect            : HHH000400: Using dialect: org.hibernate.dialect.MySQL5Dialect
2022-12-10 20:16:38.979  INFO 12068 --- [restartedMain] o.h.e.t.j.p.i.JtaPlatformInitiator       : HHH000490: Using JtaPlatform implementation: [org.hibernate.engine.transaction.jta.platform.internal.NoJtaPlatform]
2022-12-10 20:16:38.989  INFO 12068 --- [restartedMain] j.LocalContainerEntityManagerFactoryBean : Initialized JPA EntityManagerFactory for persistence unit 'default'
2022-12-10 20:16:39.614  WARN 12068 --- [restartedMain] JpaBaseConfiguration$JpaWebConfiguration : spring.jpa.open-in-view is enabled by default. Therefore, database queries may be performed during view rendering. Explicitly configure spring.jpa.open-in-view to disable this warning
2022-12-10 20:16:39.939  INFO 12068 --- [restartedMain] o.s.b.d.a.OptionalLiveReloadServer       : LiveReload server is running on port 35729
2022-12-10 20:16:40.163  INFO 12068 --- [restartedMain] o.s.b.w.embedded.tomcat.TomcatWebServer  : Tomcat started on port(s): 9090 (http) with context path ''
2022-12-10 20:16:40.163  INFO 12068 --- [restartedMain] d.s.w.p.DocumentationPluginsBootstrapper : Context refreshed
2022-12-10 20:16:40.184  INFO 12068 --- [restartedMain] d.s.w.p.DocumentationPluginsBootstrapper : Found 1 custom documentation plugin(s)
2022-12-10 20:16:40.198  INFO 12068 --- [restartedMain] s.d.s.w.s.ApiListingReferenceScanner     : Scanning for api listing references
2022-12-10 20:16:40.417  INFO 12068 --- [restartedMain] c.B.P.PhoneBookApplication               : Started PhoneBookApplication in 7.847 seconds (JVM running for 9.002)
2022-12-10 20:16:49.580  INFO 12752 --- [restartedMain] c.B.P.PhoneBookApplication               : Starting PhoneBookApplication using Java 17.0.5 on DESKTOP-UBCGKC3 with PID 12752 (F:\BIKKAD IT\Bikkad IT -04\MiniProjectWorkSpace\PhoneBookApplication\target\classes started by HP in F:\BIKKAD IT\Bikkad IT -04\MiniProjectWorkSpace\PhoneBookApplication)
2022-12-10 20:16:49.582  INFO 12752 --- [restartedMain] c.B.P.PhoneBookApplication               : No active profile set, falling back to 1 default profile: "default"
2022-12-10 20:16:49.666  INFO 12752 --- [restartedMain] .e.DevToolsPropertyDefaultsPostProcessor : Devtools property defaults active! Set 'spring.devtools.add-properties' to 'false' to disable
2022-12-10 20:16:49.667  INFO 12752 --- [restartedMain] .e.DevToolsPropertyDefaultsPostProcessor : For additional web related logging consider setting the 'logging.level.web' property to 'DEBUG'
2022-12-10 20:16:50.769  INFO 12752 --- [restartedMain] .s.d.r.c.RepositoryConfigurationDelegate : Bootstrapping Spring Data JPA repositories in DEFAULT mode.
2022-12-10 20:16:50.860  INFO 12752 --- [restartedMain] .s.d.r.c.RepositoryConfigurationDelegate : Finished Spring Data repository scanning in 67 ms. Found 1 JPA repository interfaces.
2022-12-10 20:16:51.765  INFO 12752 --- [restartedMain] o.s.b.w.embedded.tomcat.TomcatWebServer  : Tomcat initialized with port(s): 9090 (http)
2022-12-10 20:16:51.777  INFO 12752 --- [restartedMain] o.apache.catalina.core.StandardService   : Starting service [Tomcat]
2022-12-10 20:16:51.779  INFO 12752 --- [restartedMain] org.apache.catalina.core.StandardEngine  : Starting Servlet engine: [Apache Tomcat/9.0.68]
2022-12-10 20:16:51.892  INFO 12752 --- [restartedMain] o.a.c.c.C.[Tomcat].[localhost].[/]       : Initializing Spring embedded WebApplicationContext
2022-12-10 20:16:51.892  INFO 12752 --- [restartedMain] w.s.c.ServletWebServerApplicationContext : Root WebApplicationContext: initialization completed in 2225 ms
2022-12-10 20:16:52.136  INFO 12752 --- [restartedMain] o.hibernate.jpa.internal.util.LogHelper  : HHH000204: Processing PersistenceUnitInfo [name: default]
2022-12-10 20:16:52.200  INFO 12752 --- [restartedMain] org.hibernate.Version                    : HHH000412: Hibernate ORM core version 5.6.12.Final
2022-12-10 20:16:52.427  INFO 12752 --- [restartedMain] o.hibernate.annotations.common.Version   : HCANN000001: Hibernate Commons Annotations {5.1.2.Final}
2022-12-10 20:16:52.564  INFO 12752 --- [restartedMain] com.zaxxer.hikari.HikariDataSource       : HikariPool-1 - Starting...
2022-12-10 20:16:52.974  INFO 12752 --- [restartedMain] com.zaxxer.hikari.HikariDataSource       : HikariPool-1 - Start completed.
2022-12-10 20:16:53.004  INFO 12752 --- [restartedMain] org.hibernate.dialect.Dialect            : HHH000400: Using dialect: org.hibernate.dialect.MySQL5Dialect
2022-12-10 20:16:54.146  INFO 12752 --- [restartedMain] o.h.e.t.j.p.i.JtaPlatformInitiator       : HHH000490: Using JtaPlatform implementation: [org.hibernate.engine.transaction.jta.platform.internal.NoJtaPlatform]
2022-12-10 20:16:54.159  INFO 12752 --- [restartedMain] j.LocalContainerEntityManagerFactoryBean : Initialized JPA EntityManagerFactory for persistence unit 'default'
2022-12-10 20:16:54.993  WARN 12752 --- [restartedMain] JpaBaseConfiguration$JpaWebConfiguration : spring.jpa.open-in-view is enabled by default. Therefore, database queries may be performed during view rendering. Explicitly configure spring.jpa.open-in-view to disable this warning
2022-12-10 20:16:55.331  WARN 12752 --- [restartedMain] o.s.b.d.a.OptionalLiveReloadServer       : Unable to start LiveReload server
2022-12-10 20:16:55.549  WARN 12752 --- [restartedMain] ConfigServletWebServerApplicationContext : Exception encountered during context initialization - cancelling refresh attempt: org.springframework.context.ApplicationContextException: Failed to start bean 'webServerStartStop'; nested exception is org.springframework.boot.web.server.PortInUseException: Port 9090 is already in use
2022-12-10 20:16:55.553  INFO 12752 --- [restartedMain] j.LocalContainerEntityManagerFactoryBean : Closing JPA EntityManagerFactory for persistence unit 'default'
2022-12-10 20:16:55.558  INFO 12752 --- [restartedMain] com.zaxxer.hikari.HikariDataSource       : HikariPool-1 - Shutdown initiated...
2022-12-10 20:16:55.572  INFO 12752 --- [restartedMain] com.zaxxer.hikari.HikariDataSource       : HikariPool-1 - Shutdown completed.
2022-12-10 20:16:55.575  INFO 12752 --- [restartedMain] o.apache.catalina.core.StandardService   : Stopping service [Tomcat]
2022-12-10 20:16:55.593  INFO 12752 --- [restartedMain] ConditionEvaluationReportLoggingListener : 

Error starting ApplicationContext. To display the conditions report re-run your application with 'debug' enabled.
2022-12-10 20:16:55.618 ERROR 12752 --- [restartedMain] o.s.b.d.LoggingFailureAnalysisReporter   : 

***************************
APPLICATION FAILED TO START
***************************

Description:

Web server failed to start. Port 9090 was already in use.

Action:

Identify and stop the process that's listening on port 9090 or configure this application to listen on another port.

2022-12-10 20:17:46.629  INFO 12068 --- [RMI TCP Connection(3)-127.0.0.1] inMXBeanRegistrar$SpringApplicationAdmin : Application shutdown requested.
2022-12-10 20:17:46.648  INFO 12068 --- [RMI TCP Connection(3)-127.0.0.1] o.apache.catalina.core.StandardService   : Stopping service [Tomcat]
2022-12-10 20:17:46.657  INFO 12068 --- [RMI TCP Connection(3)-127.0.0.1] j.LocalContainerEntityManagerFactoryBean : Closing JPA EntityManagerFactory for persistence unit 'default'
2022-12-10 20:17:46.662  INFO 12068 --- [RMI TCP Connection(3)-127.0.0.1] com.zaxxer.hikari.HikariDataSource       : HikariPool-1 - Shutdown initiated...
2022-12-10 20:17:46.675  INFO 12068 --- [RMI TCP Connection(3)-127.0.0.1] com.zaxxer.hikari.HikariDataSource       : HikariPool-1 - Shutdown completed.
